<?xml version="1.0" encoding="UTF-8"?>
<testng-results skipped="0" failed="1" ignored="0" total="6" passed="5">
  <reporter-output>
  </reporter-output>
  <suite name="Suite" duration-ms="12292" started-at="2020-01-15T18:28:10 IST" finished-at="2020-01-15T18:28:22 IST">
    <groups>
    </groups>
    <test name="Setup Chorme Driver and DbConnection" duration-ms="6648" started-at="2020-01-15T18:28:10 IST" finished-at="2020-01-15T18:28:16 IST">
      <class name="Linq.Automation.StartUp">
        <test-method status="PASS" signature="beforeClass(java.lang.String)[pri:0, instance:Linq.Automation.StartUp@4d41cee]" name="beforeClass" is-config="true" duration-ms="6593" started-at="2020-01-15T18:28:10 IST" finished-at="2020-01-15T18:28:16 IST">
          <params>
            <param index="0">
              <value>
                <![CDATA[driver1]]>
              </value>
            </param>
          </params>
          <reporter-output>
          </reporter-output>
        </test-method> <!-- beforeClass -->
        <test-method status="PASS" signature="testSteup()[pri:0, instance:Linq.Automation.StartUp@4d41cee]" name="testSteup" duration-ms="8" started-at="2020-01-15T18:28:16 IST" finished-at="2020-01-15T18:28:16 IST">
          <reporter-output>
          </reporter-output>
        </test-method> <!-- testSteup -->
      </class> <!-- Linq.Automation.StartUp -->
    </test> <!-- Setup Chorme Driver and DbConnection -->
    <test name="Set Inspect Mode" duration-ms="1589" started-at="2020-01-15T18:28:16 IST" finished-at="2020-01-15T18:28:18 IST">
      <class name="Linq.Automation.SetInspectMode">
        <test-method status="PASS" signature="beforeMethod()[pri:0, instance:Linq.Automation.SetInspectMode@69a3d1d]" name="beforeMethod" is-config="true" duration-ms="1583" started-at="2020-01-15T18:28:16 IST" finished-at="2020-01-15T18:28:18 IST">
          <reporter-output>
          </reporter-output>
        </test-method> <!-- beforeMethod -->
        <test-method status="PASS" signature="test1()[pri:0, instance:Linq.Automation.SetInspectMode@69a3d1d]" name="test1" duration-ms="2" started-at="2020-01-15T18:28:18 IST" finished-at="2020-01-15T18:28:18 IST">
          <reporter-output>
          </reporter-output>
        </test-method> <!-- test1 -->
      </class> <!-- Linq.Automation.SetInspectMode -->
    </test> <!-- Set Inspect Mode -->
    <test name="Test Basic info card" duration-ms="4025" started-at="2020-01-15T18:28:18 IST" finished-at="2020-01-15T18:28:22 IST">
      <class name="card.view.BasicInfoCard">
        <test-method status="PASS" signature="beforeMethod(int)[pri:0, instance:card.view.BasicInfoCard@7e2d773b]" name="beforeMethod" is-config="true" duration-ms="3777" started-at="2020-01-15T18:28:18 IST" finished-at="2020-01-15T18:28:22 IST">
          <params>
            <param index="0">
              <value>
                <![CDATA[6690]]>
              </value>
            </param>
          </params>
          <reporter-output>
          </reporter-output>
        </test-method> <!-- beforeMethod -->
        <test-method status="PASS" signature="is_Basic_Card()[pri:0, instance:card.view.BasicInfoCard@7e2d773b]" name="is_Basic_Card" duration-ms="15" started-at="2020-01-15T18:28:22 IST" finished-at="2020-01-15T18:28:22 IST">
          <reporter-output>
          </reporter-output>
        </test-method> <!-- is_Basic_Card -->
        <test-method status="PASS" signature="b_name()[pri:1, instance:card.view.BasicInfoCard@7e2d773b]" name="b_name" duration-ms="50" started-at="2020-01-15T18:28:22 IST" finished-at="2020-01-15T18:28:22 IST">
          <reporter-output>
          </reporter-output>
        </test-method> <!-- b_name -->
        <test-method status="PASS" signature="b_subcat()[pri:2, instance:card.view.BasicInfoCard@7e2d773b]" name="b_subcat" duration-ms="47" started-at="2020-01-15T18:28:22 IST" finished-at="2020-01-15T18:28:22 IST">
          <reporter-output>
          </reporter-output>
        </test-method> <!-- b_subcat -->
        <test-method status="FAIL" signature="b_address()[pri:3, instance:card.view.BasicInfoCard@7e2d773b]" name="b_address" duration-ms="54" started-at="2020-01-15T18:28:22 IST" finished-at="2020-01-15T18:28:22 IST">
          <exception class="java.lang.AssertionError">
            <message>
              <![CDATA[expected [Champa Gali, Delhi] but found [Champa Gali]]]>
            </message>
            <full-stacktrace>
              <![CDATA[java.lang.AssertionError: expected [Champa Gali, Delhi] but found [Champa Gali]
at org.testng.Assert.fail(Assert.java:97)
at org.testng.Assert.assertEqualsImpl(Assert.java:136)
at org.testng.Assert.assertEquals(Assert.java:118)
at org.testng.Assert.assertEquals(Assert.java:575)
at org.testng.Assert.assertEquals(Assert.java:585)
at card.view.BasicInfoCard.b_address(BasicInfoCard.java:59)
at sun.reflect.NativeMethodAccessorImpl.invoke0(Native Method)
at sun.reflect.NativeMethodAccessorImpl.invoke(NativeMethodAccessorImpl.java:62)
at sun.reflect.DelegatingMethodAccessorImpl.invoke(DelegatingMethodAccessorImpl.java:43)
at java.lang.reflect.Method.invoke(Method.java:498)
at org.testng.internal.MethodInvocationHelper.invokeMethod(MethodInvocationHelper.java:133)
at org.testng.internal.TestInvoker.invokeMethod(TestInvoker.java:584)
at org.testng.internal.TestInvoker.invokeTestMethod(TestInvoker.java:172)
at org.testng.internal.MethodRunner.runInSequence(MethodRunner.java:46)
at org.testng.internal.TestInvoker$MethodInvocationAgent.invoke(TestInvoker.java:804)
at org.testng.internal.TestInvoker.invokeTestMethods(TestInvoker.java:145)
at org.testng.internal.TestMethodWorker.invokeTestMethods(TestMethodWorker.java:146)
at org.testng.internal.TestMethodWorker.run(TestMethodWorker.java:128)
at java.util.ArrayList.forEach(ArrayList.java:1257)
at org.testng.TestRunner.privateRun(TestRunner.java:770)
at org.testng.TestRunner.run(TestRunner.java:591)
at org.testng.SuiteRunner.runTest(SuiteRunner.java:402)
at org.testng.SuiteRunner.runSequentially(SuiteRunner.java:396)
at org.testng.SuiteRunner.privateRun(SuiteRunner.java:355)
at org.testng.SuiteRunner.run(SuiteRunner.java:304)
at org.testng.SuiteRunnerWorker.runSuite(SuiteRunnerWorker.java:53)
at org.testng.SuiteRunnerWorker.run(SuiteRunnerWorker.java:96)
at org.testng.TestNG.runSuitesSequentially(TestNG.java:1180)
at org.testng.TestNG.runSuitesLocally(TestNG.java:1102)
at org.testng.TestNG.runSuites(TestNG.java:1032)
at org.testng.TestNG.run(TestNG.java:1000)
at org.testng.remote.AbstractRemoteTestNG.run(AbstractRemoteTestNG.java:115)
at org.testng.remote.RemoteTestNG.initAndRun(RemoteTestNG.java:251)
at org.testng.remote.RemoteTestNG.main(RemoteTestNG.java:77)
]]>
            </full-stacktrace>
          </exception> <!-- java.lang.AssertionError -->
          <reporter-output>
          </reporter-output>
        </test-method> <!-- b_address -->
        <test-method status="PASS" signature="mouseMove()[pri:0, instance:card.view.BasicInfoCard@7e2d773b]" name="mouseMove" is-config="true" duration-ms="70" started-at="2020-01-15T18:28:22 IST" finished-at="2020-01-15T18:28:22 IST">
          <reporter-output>
          </reporter-output>
        </test-method> <!-- mouseMove -->
      </class> <!-- card.view.BasicInfoCard -->
    </test> <!-- Test Basic info card -->
  </suite> <!-- Suite -->
</testng-results>
